<?xml version="1.0" encoding="UTF-8"?>
<testsuite xmlns:xsi="http://www.w3.org/2001/XMLSchema-instance" xsi:noNamespaceSchemaLocation="https://maven.apache.org/surefire/maven-surefire-plugin/xsd/surefire-test-report-3.0.xsd" version="3.0" name="ru.netology.AccountTest" time="0.036" tests="6" errors="0" skipped="0" failures="0">
  <properties>
[...]
</properties>
  <testcase name="testPay_insufficientFunds_fail" classname="ru.netology.AccountTest" time="0.016"/>
  <testcase name="testPay_validAmount_success" classname="ru.netology.AccountTest" time="0.001"/>
  <testcase name="testAdd_negativeAmount_fail" classname="ru.netology.AccountTest" time="0.001"/>
  <testcase name="testTransfer_validAmount_success" classname="ru.netology.AccountTest" time="0.0"/>
  <testcase name="testAdd_validAmount_success" classname="ru.netology.AccountTest" time="0.001"/>
  <testcase name="testTransfer_insufficientFunds_fail" classname="ru.netology.AccountTest" time="0.001"/>
</testsuite>